<?xml version="1.0" encoding="UTF-8"?>
<testng-results ignored="0" total="1" passed="1" failed="0" skipped="0">
  <reporter-output>
  </reporter-output>
  <suite started-at="2023-10-27T19:21:44 EDT" name="Default suite" finished-at="2023-10-27T19:21:48 EDT" duration-ms="4337">
    <groups>
    </groups>
    <test started-at="2023-10-27T19:21:44 EDT" name="Default test" finished-at="2023-10-27T19:21:48 EDT" duration-ms="4337">
      <class name="learn.GetTools">
        <test-method is-config="true" signature="getTools()[pri:0, instance:learn.GetTools@21282ed8]" started-at="2023-10-27T19:21:44 EDT" name="getTools" finished-at="2023-10-27T19:21:47 EDT" duration-ms="3001" status="PASS">
          <reporter-output>
          </reporter-output>
        </test-method> <!-- getTools -->
        <test-method signature="crudOnOrder()[pri:0, instance:learn.GetTools@21282ed8]" started-at="2023-10-27T19:21:47 EDT" name="crudOnOrder" finished-at="2023-10-27T19:21:48 EDT" duration-ms="1304" status="PASS">
          <reporter-output>
          </reporter-output>
        </test-method> <!-- crudOnOrder -->
      </class> <!-- learn.GetTools -->
    </test> <!-- Default test -->
  </suite> <!-- Default suite -->
</testng-results>
